<?xml version="1.0" encoding="UTF-8"?>
<!-- Generated by org.testng.reporters.JUnitReportReporter -->
<testsuite skipped="0" hostname="MUNA-PC" name="unit.FirstTestNGTest" tests="4" failures="0" timestamp="10 Sep 2020 13:55:05 GMT" time="0.014" errors="0">
  <testcase name="getNonExistingUserReturnsNull" time="0.000" classname="unit.FirstTestNGTest"/>
  <testcase name="addDuplicateThrowsException" time="0.009" classname="unit.FirstTestNGTest"/>
  <testcase name="successfulAddUserReturnsTrue" time="0.003" classname="unit.FirstTestNGTest"/>
  <testcase name="getExistingUserReturnsExistingSavedUser" time="0.002" classname="unit.FirstTestNGTest"/>
</testsuite> <!-- unit.FirstTestNGTest -->
